0 info it worked if it ends with ok
1 verbose cli [ '/usr/bin/node', '/usr/bin/npm', 'install' ]
2 info using npm@3.5.2
3 info using node@v8.10.0
4 silly loadCurrentTree Starting
5 silly install loadCurrentTree
6 silly install readLocalPackageData
7 silly install normalizeTree
8 silly loadCurrentTree Finishing
9 silly loadIdealTree Starting
10 silly install loadIdealTree
11 silly cloneCurrentTree Starting
12 silly install cloneCurrentTreeToIdealTree
13 silly cloneCurrentTree Finishing
14 silly loadShrinkwrap Starting
15 silly install loadShrinkwrap
16 silly loadShrinkwrap Finishing
17 silly loadAllDepsIntoIdealTree Starting
18 silly install loadAllDepsIntoIdealTree
19 silly fetchNamedPackageData ejs
20 silly mapToRegistry name ejs
21 silly mapToRegistry using default registry
22 silly mapToRegistry registry https://registry.npmjs.org/
23 silly mapToRegistry uri https://registry.npmjs.org/ejs
24 silly fetchNamedPackageData express
25 silly mapToRegistry name express
26 silly mapToRegistry using default registry
27 silly mapToRegistry registry https://registry.npmjs.org/
28 silly mapToRegistry uri https://registry.npmjs.org/express
29 silly fetchNamedPackageData node-gyp
30 silly mapToRegistry name node-gyp
31 silly mapToRegistry using default registry
32 silly mapToRegistry registry https://registry.npmjs.org/
33 silly mapToRegistry uri https://registry.npmjs.org/node-gyp
34 silly fetchNamedPackageData redis
35 silly mapToRegistry name redis
36 silly mapToRegistry using default registry
37 silly mapToRegistry registry https://registry.npmjs.org/
38 silly mapToRegistry uri https://registry.npmjs.org/redis
39 silly fetchNamedPackageData socket.io
40 silly mapToRegistry name socket.io
41 silly mapToRegistry using default registry
42 silly mapToRegistry registry https://registry.npmjs.org/
43 silly mapToRegistry uri https://registry.npmjs.org/socket.io
44 verbose request uri https://registry.npmjs.org/ejs
45 verbose request no auth needed
46 info attempt registry request try #1 at 15:49:15
47 verbose request id d5bbc25de7dccabf
48 verbose etag W/"fa0a9e30838de006b49335fa5ad18110"
49 verbose lastModified Sat, 20 Feb 2021 21:22:31 GMT
50 http request GET https://registry.npmjs.org/ejs
51 verbose request uri https://registry.npmjs.org/redis
52 verbose request no auth needed
53 info attempt registry request try #1 at 15:49:15
54 verbose etag W/"1cdacbad07ffbc465d90e2d6feed64b1"
55 verbose lastModified Thu, 01 Jul 2021 19:55:04 GMT
56 http request GET https://registry.npmjs.org/redis
57 verbose request uri https://registry.npmjs.org/node-gyp
58 verbose request no auth needed
59 info attempt registry request try #1 at 15:49:16
60 verbose etag W/"0b055a1417cc2a203fd0ecd4a06150a4"
61 verbose lastModified Fri, 28 May 2021 02:03:54 GMT
62 http request GET https://registry.npmjs.org/node-gyp
63 verbose request uri https://registry.npmjs.org/socket.io
64 verbose request no auth needed
65 info attempt registry request try #1 at 15:49:16
66 verbose etag W/"6712ac6f5a7f2050f34ec6afed93ed9e"
67 verbose lastModified Mon, 17 May 2021 21:18:57 GMT
68 http request GET https://registry.npmjs.org/socket.io
69 verbose request uri https://registry.npmjs.org/express
70 verbose request no auth needed
71 info attempt registry request try #1 at 15:49:16
72 verbose etag W/"136cf020199f4e921422df02b62e8c80"
73 verbose lastModified Wed, 16 Jun 2021 11:44:55 GMT
74 http request GET https://registry.npmjs.org/express
75 http 304 https://registry.npmjs.org/redis
76 verbose headers { date: 'Sat, 03 Jul 2021 12:49:16 GMT',
76 verbose headers   connection: 'keep-alive',
76 verbose headers   'cf-ray': '66903b9cbb6d16e6-FRA',
76 verbose headers   age: '4994',
76 verbose headers   'cache-control': 'public, max-age=300',
76 verbose headers   etag: '"1cdacbad07ffbc465d90e2d6feed64b1"',
76 verbose headers   'last-modified': 'Thu, 01 Jul 2021 19:55:04 GMT',
76 verbose headers   vary: 'Accept-Encoding',
76 verbose headers   'cf-cache-status': 'HIT',
76 verbose headers   'expect-ct': 'max-age=604800, report-uri="https://report-uri.cloudflare.com/cdn-cgi/beacon/expect-ct"',
76 verbose headers   server: 'cloudflare' }
77 silly get cb [ 304,
77 silly get   { date: 'Sat, 03 Jul 2021 12:49:16 GMT',
77 silly get     connection: 'keep-alive',
77 silly get     'cf-ray': '66903b9cbb6d16e6-FRA',
77 silly get     age: '4994',
77 silly get     'cache-control': 'public, max-age=300',
77 silly get     etag: '"1cdacbad07ffbc465d90e2d6feed64b1"',
77 silly get     'last-modified': 'Thu, 01 Jul 2021 19:55:04 GMT',
77 silly get     vary: 'Accept-Encoding',
77 silly get     'cf-cache-status': 'HIT',
77 silly get     'expect-ct': 'max-age=604800, report-uri="https://report-uri.cloudflare.com/cdn-cgi/beacon/expect-ct"',
77 silly get     server: 'cloudflare' } ]
78 verbose etag https://registry.npmjs.org/redis from cache
79 verbose get saving redis to /home/ben/.npm/registry.npmjs.org/redis/.cache.json
80 silly resolveWithNewModule redis@3.1.2 checking installable status
81 silly cache add args [ 'redis@^3.1.2', null ]
82 verbose cache add spec redis@^3.1.2
83 silly cache add parsed spec Result {
83 silly cache add   raw: 'redis@^3.1.2',
83 silly cache add   scope: null,
83 silly cache add   name: 'redis',
83 silly cache add   rawSpec: '^3.1.2',
83 silly cache add   spec: '>=3.1.2 <4.0.0',
83 silly cache add   type: 'range' }
84 silly addNamed redis@>=3.1.2 <4.0.0
85 verbose addNamed ">=3.1.2 <4.0.0" is a valid semver range for redis
86 silly addNameRange { name: 'redis', range: '>=3.1.2 <4.0.0', hasData: false }
87 silly mapToRegistry name redis
88 silly mapToRegistry using default registry
89 silly mapToRegistry registry https://registry.npmjs.org/
90 silly mapToRegistry uri https://registry.npmjs.org/redis
91 verbose addNameRange registry:https://registry.npmjs.org/redis not in flight; fetching
92 http 304 https://registry.npmjs.org/node-gyp
93 verbose headers { date: 'Sat, 03 Jul 2021 12:49:16 GMT',
93 verbose headers   connection: 'keep-alive',
93 verbose headers   'cf-ray': '66903b9cca464e44-FRA',
93 verbose headers   age: '6054',
93 verbose headers   'cache-control': 'public, max-age=300',
93 verbose headers   etag: '"0b055a1417cc2a203fd0ecd4a06150a4"',
93 verbose headers   'last-modified': 'Fri, 28 May 2021 02:03:54 GMT',
93 verbose headers   vary: 'Accept-Encoding',
93 verbose headers   'cf-cache-status': 'HIT',
93 verbose headers   'expect-ct': 'max-age=604800, report-uri="https://report-uri.cloudflare.com/cdn-cgi/beacon/expect-ct"',
93 verbose headers   server: 'cloudflare' }
94 silly get cb [ 304,
94 silly get   { date: 'Sat, 03 Jul 2021 12:49:16 GMT',
94 silly get     connection: 'keep-alive',
94 silly get     'cf-ray': '66903b9cca464e44-FRA',
94 silly get     age: '6054',
94 silly get     'cache-control': 'public, max-age=300',
94 silly get     etag: '"0b055a1417cc2a203fd0ecd4a06150a4"',
94 silly get     'last-modified': 'Fri, 28 May 2021 02:03:54 GMT',
94 silly get     vary: 'Accept-Encoding',
94 silly get     'cf-cache-status': 'HIT',
94 silly get     'expect-ct': 'max-age=604800, report-uri="https://report-uri.cloudflare.com/cdn-cgi/beacon/expect-ct"',
94 silly get     server: 'cloudflare' } ]
95 verbose etag https://registry.npmjs.org/node-gyp from cache
96 verbose get saving node-gyp to /home/ben/.npm/registry.npmjs.org/node-gyp/.cache.json
97 http 304 https://registry.npmjs.org/ejs
98 verbose headers { date: 'Sat, 03 Jul 2021 12:49:16 GMT',
98 verbose headers   connection: 'keep-alive',
98 verbose headers   'cf-ray': '66903b9cdb494e38-FRA',
98 verbose headers   age: '6136',
98 verbose headers   'cache-control': 'public, max-age=300',
98 verbose headers   etag: '"fa0a9e30838de006b49335fa5ad18110"',
98 verbose headers   'last-modified': 'Sat, 20 Feb 2021 21:22:31 GMT',
98 verbose headers   vary: 'Accept-Encoding',
98 verbose headers   'cf-cache-status': 'HIT',
98 verbose headers   'expect-ct': 'max-age=604800, report-uri="https://report-uri.cloudflare.com/cdn-cgi/beacon/expect-ct"',
98 verbose headers   server: 'cloudflare' }
99 silly get cb [ 304,
99 silly get   { date: 'Sat, 03 Jul 2021 12:49:16 GMT',
99 silly get     connection: 'keep-alive',
99 silly get     'cf-ray': '66903b9cdb494e38-FRA',
99 silly get     age: '6136',
99 silly get     'cache-control': 'public, max-age=300',
99 silly get     etag: '"fa0a9e30838de006b49335fa5ad18110"',
99 silly get     'last-modified': 'Sat, 20 Feb 2021 21:22:31 GMT',
99 silly get     vary: 'Accept-Encoding',
99 silly get     'cf-cache-status': 'HIT',
99 silly get     'expect-ct': 'max-age=604800, report-uri="https://report-uri.cloudflare.com/cdn-cgi/beacon/expect-ct"',
99 silly get     server: 'cloudflare' } ]
100 verbose etag https://registry.npmjs.org/ejs from cache
101 verbose get saving ejs to /home/ben/.npm/registry.npmjs.org/ejs/.cache.json
102 verbose get https://registry.npmjs.org/redis not expired, no request
103 silly addNameRange number 2 { name: 'redis', range: '>=3.1.2 <4.0.0', hasData: true }
104 silly addNameRange versions [ 'redis',
104 silly addNameRange   [ '0.0.1',
104 silly addNameRange     '0.0.2',
104 silly addNameRange     '0.0.3',
104 silly addNameRange     '0.0.4',
104 silly addNameRange     '0.0.7',
104 silly addNameRange     '0.0.8',
104 silly addNameRange     '0.1.0',
104 silly addNameRange     '0.1.1',
104 silly addNameRange     '0.1.2',
104 silly addNameRange     '0.2.0',
104 silly addNameRange     '0.2.1',
104 silly addNameRange     '0.2.2',
104 silly addNameRange     '0.2.3',
104 silly addNameRange     '0.2.4',
104 silly addNameRange     '0.2.6',
104 silly addNameRange     '0.3.0',
104 silly addNameRange     '0.3.1',
104 silly addNameRange     '0.3.2',
104 silly addNameRange     '0.3.3',
104 silly addNameRange     '0.3.4',
104 silly addNameRange     '0.3.5',
104 silly addNameRange     '0.3.6',
104 silly addNameRange     '0.3.7',
104 silly addNameRange     '0.3.9',
104 silly addNameRange     '0.4.0',
104 silly addNameRange     '0.4.1',
104 silly addNameRange     '0.4.2',
104 silly addNameRange     '0.5.0',
104 silly addNameRange     '0.5.1',
104 silly addNameRange     '0.5.2',
104 silly addNameRange     '0.5.3',
104 silly addNameRange     '0.5.4',
104 silly addNameRange     '0.5.5',
104 silly addNameRange     '0.5.6',
104 silly addNameRange     '0.5.7',
104 silly addNameRange     '0.5.8',
104 silly addNameRange     '0.5.9',
104 silly addNameRange     '0.5.10',
104 silly addNameRange     '0.5.11',
104 silly addNameRange     '0.6.0',
104 silly addNameRange     '0.6.1',
104 silly addNameRange     '0.6.2',
104 silly addNameRange     '0.6.3',
104 silly addNameRange     '0.6.4',
104 silly addNameRange     '0.6.5',
104 silly addNameRange     '0.6.6',
104 silly addNameRange     '0.6.7',
104 silly addNameRange     '0.7.0',
104 silly addNameRange     '0.7.1',
104 silly addNameRange     '0.7.2',
104 silly addNameRange     '0.7.3',
104 silly addNameRange     '0.8.0',
104 silly addNameRange     '0.8.1',
104 silly addNameRange     '0.8.2',
104 silly addNameRange     '0.8.3',
104 silly addNameRange     '0.8.4',
104 silly addNameRange     '0.8.5',
104 silly addNameRange     '0.8.6',
104 silly addNameRange     '0.9.0',
104 silly addNameRange     '0.9.1',
104 silly addNameRange     '0.9.2',
104 silly addNameRange     '0.10.0',
104 silly addNameRange     '0.10.1',
104 silly addNameRange     '0.10.2',
104 silly addNameRange     '0.10.3',
104 silly addNameRange     '0.11.0',
104 silly addNameRange     '0.12.0',
104 silly addNameRange     '0.12.1',
104 silly addNameRange     '1.0.0',
104 silly addNameRange     '2.0.0',
104 silly addNameRange     '2.0.1',
104 silly addNameRange     '2.1.0',
104 silly addNameRange     '2.2.0',
104 silly addNameRange     '2.2.1',
104 silly addNameRange     '2.2.2',
104 silly addNameRange     '2.2.3',
104 silly addNameRange     '2.2.4',
104 silly addNameRange     '2.2.5',
104 silly addNameRange     '2.3.0',
104 silly addNameRange     '2.3.1',
104 silly addNameRange     '2.4.0',
104 silly addNameRange     '2.4.1',
104 silly addNameRange     '2.4.2',
104 silly addNameRange     '2.5.0-1',
104 silly addNameRange     '2.5.0',
104 silly addNameRange     '2.5.1',
104 silly addNameRange     '2.5.2',
104 silly addNameRange     '2.5.3',
104 silly addNameRange     '2.6.0-0',
104 silly addNameRange     '2.6.0-1',
104 silly addNameRange     '2.6.0-2',
104 silly addNameRange     '2.6.0',
104 silly addNameRange     '2.6.1',
104 silly addNameRange     '2.6.2',
104 silly addNameRange     '2.6.3',
104 silly addNameRange     '2.6.4',
104 silly addNameRange     '2.6.5',
104 silly addNameRange     '2.7.0',
104 silly addNameRange     '2.7.1',
104 silly addNameRange     '2.8.0',
104 silly addNameRange     ... 11 more items ] ]
105 silly addNamed redis@3.1.2
106 verbose addNamed "3.1.2" is a plain semver version for redis
107 silly cache afterAdd redis@3.1.2
108 verbose afterAdd /home/ben/.npm/redis/3.1.2/package/package.json not in flight; writing
109 silly resolveWithNewModule node-gyp@8.1.0 checking installable status
110 silly cache add args [ 'node-gyp@^8.1.0', null ]
111 verbose cache add spec node-gyp@^8.1.0
112 silly cache add parsed spec Result {
112 silly cache add   raw: 'node-gyp@^8.1.0',
112 silly cache add   scope: null,
112 silly cache add   name: 'node-gyp',
112 silly cache add   rawSpec: '^8.1.0',
112 silly cache add   spec: '>=8.1.0 <9.0.0',
112 silly cache add   type: 'range' }
113 silly addNamed node-gyp@>=8.1.0 <9.0.0
114 verbose addNamed ">=8.1.0 <9.0.0" is a valid semver range for node-gyp
115 silly addNameRange { name: 'node-gyp', range: '>=8.1.0 <9.0.0', hasData: false }
116 silly mapToRegistry name node-gyp
117 silly mapToRegistry using default registry
118 silly mapToRegistry registry https://registry.npmjs.org/
119 silly mapToRegistry uri https://registry.npmjs.org/node-gyp
120 verbose addNameRange registry:https://registry.npmjs.org/node-gyp not in flight; fetching
121 silly resolveWithNewModule ejs@3.1.6 checking installable status
122 silly cache add args [ 'ejs@^3.1.6', null ]
123 verbose cache add spec ejs@^3.1.6
124 silly cache add parsed spec Result {
124 silly cache add   raw: 'ejs@^3.1.6',
124 silly cache add   scope: null,
124 silly cache add   name: 'ejs',
124 silly cache add   rawSpec: '^3.1.6',
124 silly cache add   spec: '>=3.1.6 <4.0.0',
124 silly cache add   type: 'range' }
125 silly addNamed ejs@>=3.1.6 <4.0.0
126 verbose addNamed ">=3.1.6 <4.0.0" is a valid semver range for ejs
127 silly addNameRange { name: 'ejs', range: '>=3.1.6 <4.0.0', hasData: false }
128 silly mapToRegistry name ejs
129 silly mapToRegistry using default registry
130 silly mapToRegistry registry https://registry.npmjs.org/
131 silly mapToRegistry uri https://registry.npmjs.org/ejs
132 verbose addNameRange registry:https://registry.npmjs.org/ejs not in flight; fetching
133 verbose get https://registry.npmjs.org/ejs not expired, no request
134 silly addNameRange number 2 { name: 'ejs', range: '>=3.1.6 <4.0.0', hasData: true }
135 silly addNameRange versions [ 'ejs',
135 silly addNameRange   [ '0.0.1',
135 silly addNameRange     '0.0.2',
135 silly addNameRange     '0.0.3',
135 silly addNameRange     '0.0.4',
135 silly addNameRange     '0.1.0',
135 silly addNameRange     '0.2.0',
135 silly addNameRange     '0.2.1',
135 silly addNameRange     '0.3.0',
135 silly addNameRange     '0.3.1',
135 silly addNameRange     '0.4.0',
135 silly addNameRange     '0.4.1',
135 silly addNameRange     '0.4.2',
135 silly addNameRange     '0.4.3',
135 silly addNameRange     '0.5.0',
135 silly addNameRange     '0.6.0',
135 silly addNameRange     '0.6.1',
135 silly addNameRange     '0.7.0',
135 silly addNameRange     '0.7.1',
135 silly addNameRange     '0.7.2',
135 silly addNameRange     '0.8.0',
135 silly addNameRange     '0.8.1',
135 silly addNameRange     '0.8.2',
135 silly addNameRange     '0.8.3',
135 silly addNameRange     '0.8.4',
135 silly addNameRange     '0.8.5',
135 silly addNameRange     '0.8.6',
135 silly addNameRange     '0.8.8',
135 silly addNameRange     '1.0.0',
135 silly addNameRange     '2.0.2',
135 silly addNameRange     '2.0.3',
135 silly addNameRange     '2.0.4',
135 silly addNameRange     '2.0.5',
135 silly addNameRange     '2.0.6',
135 silly addNameRange     '2.0.7',
135 silly addNameRange     '2.0.8',
135 silly addNameRange     '2.1.1',
135 silly addNameRange     '2.1.2',
135 silly addNameRange     '2.1.3',
135 silly addNameRange     '2.1.4',
135 silly addNameRange     '2.2.1',
135 silly addNameRange     '2.2.2',
135 silly addNameRange     '2.2.3',
135 silly addNameRange     '2.2.4',
135 silly addNameRange     '2.3.1',
135 silly addNameRange     '2.3.2',
135 silly addNameRange     '2.3.3',
135 silly addNameRange     '2.3.4',
135 silly addNameRange     '2.4.1',
135 silly addNameRange     '2.4.2',
135 silly addNameRange     '2.5.1',
135 silly addNameRange     '2.5.2',
135 silly addNameRange     '2.5.3',
135 silly addNameRange     '2.5.4',
135 silly addNameRange     '2.5.5',
135 silly addNameRange     '2.5.6',
135 silly addNameRange     '2.5.7',
135 silly addNameRange     '2.5.8',
135 silly addNameRange     '2.5.9',
135 silly addNameRange     '2.6.1',
135 silly addNameRange     '2.6.2',
135 silly addNameRange     '2.7.1',
135 silly addNameRange     '2.7.2',
135 silly addNameRange     '2.7.3',
135 silly addNameRange     '2.7.4',
135 silly addNameRange     '3.0.1',
135 silly addNameRange     '3.0.2',
135 silly addNameRange     '3.1.2',
135 silly addNameRange     '3.1.3',
135 silly addNameRange     '3.1.4',
135 silly addNameRange     '3.1.5',
135 silly addNameRange     '3.1.6' ] ]
136 silly addNamed ejs@3.1.6
137 verbose addNamed "3.1.6" is a plain semver version for ejs
138 verbose afterAdd /home/ben/.npm/redis/3.1.2/package/package.json written
139 verbose get https://registry.npmjs.org/node-gyp not expired, no request
140 silly addNameRange number 2 { name: 'node-gyp', range: '>=8.1.0 <9.0.0', hasData: true }
141 silly addNameRange versions [ 'node-gyp',
141 silly addNameRange   [ '0.0.1',
141 silly addNameRange     '0.0.2',
141 silly addNameRange     '0.0.3',
141 silly addNameRange     '0.0.4',
141 silly addNameRange     '0.0.5',
141 silly addNameRange     '0.0.6',
141 silly addNameRange     '0.1.0',
141 silly addNameRange     '0.1.1',
141 silly addNameRange     '0.1.2',
141 silly addNameRange     '0.1.3',
141 silly addNameRange     '0.1.4',
141 silly addNameRange     '0.2.0',
141 silly addNameRange     '0.2.1',
141 silly addNameRange     '0.2.2',
141 silly addNameRange     '0.3.0',
141 silly addNameRange     '0.3.1',
141 silly addNameRange     '0.3.2',
141 silly addNameRange     '0.3.4',
141 silly addNameRange     '0.3.5',
141 silly addNameRange     '0.3.6',
141 silly addNameRange     '0.3.7',
141 silly addNameRange     '0.3.8',
141 silly addNameRange     '0.3.9',
141 silly addNameRange     '0.3.10',
141 silly addNameRange     '0.3.11',
141 silly addNameRange     '0.4.0',
141 silly addNameRange     '0.4.1',
141 silly addNameRange     '0.4.2',
141 silly addNameRange     '0.4.3',
141 silly addNameRange     '0.4.4',
141 silly addNameRange     '0.4.5',
141 silly addNameRange     '0.5.0',
141 silly addNameRange     '0.5.1',
141 silly addNameRange     '0.5.2',
141 silly addNameRange     '0.5.3',
141 silly addNameRange     '0.5.4',
141 silly addNameRange     '0.5.5',
141 silly addNameRange     '0.5.6',
141 silly addNameRange     '0.5.7',
141 silly addNameRange     '0.5.8',
141 silly addNameRange     '0.6.0',
141 silly addNameRange     '0.6.1',
141 silly addNameRange     '0.6.2',
141 silly addNameRange     '0.6.3',
141 silly addNameRange     '0.6.4',
141 silly addNameRange     '0.6.5',
141 silly addNameRange     '0.6.6',
141 silly addNameRange     '0.6.7',
141 silly addNameRange     '0.6.8',
141 silly addNameRange     '0.6.9',
141 silly addNameRange     '0.6.10',
141 silly addNameRange     '0.6.11',
141 silly addNameRange     '0.7.0',
141 silly addNameRange     '0.7.1',
141 silly addNameRange     '0.7.2',
141 silly addNameRange     '0.7.3',
141 silly addNameRange     '0.8.0',
141 silly addNameRange     '0.8.1',
141 silly addNameRange     '0.8.2',
141 silly addNameRange     '0.8.3',
141 silly addNameRange     '0.8.4',
141 silly addNameRange     '0.8.5',
141 silly addNameRange     '0.9.0',
141 silly addNameRange     '0.9.1',
141 silly addNameRange     '0.9.2',
141 silly addNameRange     '0.9.3',
141 silly addNameRange     '0.9.4',
141 silly addNameRange     '0.9.5',
141 silly addNameRange     '0.9.6',
141 silly addNameRange     '0.10.0',
141 silly addNameRange     '0.10.1',
141 silly addNameRange     '0.10.2',
141 silly addNameRange     '0.10.3',
141 silly addNameRange     '0.10.4',
141 silly addNameRange     '0.10.5',
141 silly addNameRange     '0.10.6',
141 silly addNameRange     '0.10.7',
141 silly addNameRange     '0.10.8',
141 silly addNameRange     '0.10.9',
141 silly addNameRange     '0.10.10',
141 silly addNameRange     '0.11.0',
141 silly addNameRange     '0.12.0',
141 silly addNameRange     '0.12.1',
141 silly addNameRange     '0.12.2',
141 silly addNameRange     '0.13.0',
141 silly addNameRange     '0.13.1',
141 silly addNameRange     '1.0.0',
141 silly addNameRange     '1.0.1',
141 silly addNameRange     '1.0.2',
141 silly addNameRange     '1.0.3',
141 silly addNameRange     '2.0.0',
141 silly addNameRange     '2.0.1',
141 silly addNameRange     '2.0.2',
141 silly addNameRange     '3.0.0',
141 silly addNameRange     '3.0.1',
141 silly addNameRange     '3.0.2',
141 silly addNameRange     '3.0.3',
141 silly addNameRange     '3.1.0',
141 silly addNameRange     '3.2.0',
141 silly addNameRange     '3.2.1',
141 silly addNameRange     ... 30 more items ] ]
142 silly addNamed node-gyp@8.1.0
143 verbose addNamed "8.1.0" is a plain semver version for node-gyp
144 http 304 https://registry.npmjs.org/socket.io
145 verbose headers { date: 'Sat, 03 Jul 2021 12:49:16 GMT',
145 verbose headers   connection: 'keep-alive',
145 verbose headers   'cf-ray': '66903b9d2b7a4a97-FRA',
145 verbose headers   age: '3124',
145 verbose headers   'cache-control': 'public, max-age=300',
145 verbose headers   etag: '"6712ac6f5a7f2050f34ec6afed93ed9e"',
145 verbose headers   'last-modified': 'Mon, 17 May 2021 21:18:57 GMT',
145 verbose headers   vary: 'Accept-Encoding',
145 verbose headers   'cf-cache-status': 'HIT',
145 verbose headers   'expect-ct': 'max-age=604800, report-uri="https://report-uri.cloudflare.com/cdn-cgi/beacon/expect-ct"',
145 verbose headers   server: 'cloudflare' }
146 silly get cb [ 304,
146 silly get   { date: 'Sat, 03 Jul 2021 12:49:16 GMT',
146 silly get     connection: 'keep-alive',
146 silly get     'cf-ray': '66903b9d2b7a4a97-FRA',
146 silly get     age: '3124',
146 silly get     'cache-control': 'public, max-age=300',
146 silly get     etag: '"6712ac6f5a7f2050f34ec6afed93ed9e"',
146 silly get     'last-modified': 'Mon, 17 May 2021 21:18:57 GMT',
146 silly get     vary: 'Accept-Encoding',
146 silly get     'cf-cache-status': 'HIT',
146 silly get     'expect-ct': 'max-age=604800, report-uri="https://report-uri.cloudflare.com/cdn-cgi/beacon/expect-ct"',
146 silly get     server: 'cloudflare' } ]
147 verbose etag https://registry.npmjs.org/socket.io from cache
148 verbose get saving socket.io to /home/ben/.npm/registry.npmjs.org/socket.io/.cache.json
149 http 304 https://registry.npmjs.org/express
150 verbose headers { date: 'Sat, 03 Jul 2021 12:49:16 GMT',
150 verbose headers   connection: 'keep-alive',
150 verbose headers   'cf-ray': '66903b9cd950c2b3-FRA',
150 verbose headers   age: '6776',
150 verbose headers   'cache-control': 'public, max-age=300',
150 verbose headers   etag: '"136cf020199f4e921422df02b62e8c80"',
150 verbose headers   'last-modified': 'Wed, 16 Jun 2021 11:44:55 GMT',
150 verbose headers   vary: 'Accept-Encoding',
150 verbose headers   'cf-cache-status': 'HIT',
150 verbose headers   'expect-ct': 'max-age=604800, report-uri="https://report-uri.cloudflare.com/cdn-cgi/beacon/expect-ct"',
150 verbose headers   server: 'cloudflare' }
151 silly get cb [ 304,
151 silly get   { date: 'Sat, 03 Jul 2021 12:49:16 GMT',
151 silly get     connection: 'keep-alive',
151 silly get     'cf-ray': '66903b9cd950c2b3-FRA',
151 silly get     age: '6776',
151 silly get     'cache-control': 'public, max-age=300',
151 silly get     etag: '"136cf020199f4e921422df02b62e8c80"',
151 silly get     'last-modified': 'Wed, 16 Jun 2021 11:44:55 GMT',
151 silly get     vary: 'Accept-Encoding',
151 silly get     'cf-cache-status': 'HIT',
151 silly get     'expect-ct': 'max-age=604800, report-uri="https://report-uri.cloudflare.com/cdn-cgi/beacon/expect-ct"',
151 silly get     server: 'cloudflare' } ]
152 verbose etag https://registry.npmjs.org/express from cache
153 verbose get saving express to /home/ben/.npm/registry.npmjs.org/express/.cache.json
154 silly cache afterAdd ejs@3.1.6
155 verbose afterAdd /home/ben/.npm/ejs/3.1.6/package/package.json not in flight; writing
156 silly cache afterAdd node-gyp@8.1.0
157 verbose afterAdd /home/ben/.npm/node-gyp/8.1.0/package/package.json not in flight; writing
158 verbose stack Error: Missing required argument #1
158 verbose stack     at andLogAndFinish (/usr/share/npm/lib/fetch-package-metadata.js:31:3)
158 verbose stack     at fetchPackageMetadata (/usr/share/npm/lib/fetch-package-metadata.js:51:22)
158 verbose stack     at resolveWithNewModule (/usr/share/npm/lib/install/deps.js:456:12)
158 verbose stack     at /usr/share/npm/lib/install/deps.js:457:7
158 verbose stack     at /usr/share/npm/node_modules/iferr/index.js:13:50
158 verbose stack     at /usr/share/npm/lib/fetch-package-metadata.js:37:12
158 verbose stack     at addRequestedAndFinish (/usr/share/npm/lib/fetch-package-metadata.js:82:5)
158 verbose stack     at returnAndAddMetadata (/usr/share/npm/lib/fetch-package-metadata.js:117:7)
158 verbose stack     at pickVersionFromRegistryDocument (/usr/share/npm/lib/fetch-package-metadata.js:134:20)
158 verbose stack     at /usr/share/npm/node_modules/iferr/index.js:13:50
159 verbose cwd /home/ben/Toll-road-management-main
160 error Linux 5.3.0-26-generic
161 error argv "/usr/bin/node" "/usr/bin/npm" "install"
162 error node v8.10.0
163 error npm  v3.5.2
164 error code EMISSINGARG
165 error typeerror Error: Missing required argument #1
165 error typeerror     at andLogAndFinish (/usr/share/npm/lib/fetch-package-metadata.js:31:3)
165 error typeerror     at fetchPackageMetadata (/usr/share/npm/lib/fetch-package-metadata.js:51:22)
165 error typeerror     at resolveWithNewModule (/usr/share/npm/lib/install/deps.js:456:12)
165 error typeerror     at /usr/share/npm/lib/install/deps.js:457:7
165 error typeerror     at /usr/share/npm/node_modules/iferr/index.js:13:50
165 error typeerror     at /usr/share/npm/lib/fetch-package-metadata.js:37:12
165 error typeerror     at addRequestedAndFinish (/usr/share/npm/lib/fetch-package-metadata.js:82:5)
165 error typeerror     at returnAndAddMetadata (/usr/share/npm/lib/fetch-package-metadata.js:117:7)
165 error typeerror     at pickVersionFromRegistryDocument (/usr/share/npm/lib/fetch-package-metadata.js:134:20)
165 error typeerror     at /usr/share/npm/node_modules/iferr/index.js:13:50
166 error typeerror This is an error with npm itself. Please report this error at:
166 error typeerror     <http://github.com/npm/npm/issues>
167 verbose exit [ 1, true ]
